# JRE version: Java(TM) SE Runtime Environment 18.9 (11.0.8+10) (build 11.0.8+10-LTS)
# Java VM: Java HotSpot(TM) 64-Bit Server VM 18.9 (11.0.8+10-LTS, mixed mode, tiered, compressed oops, g1 gc, windows-amd64)
Heap:
 garbage-first heap   total 315392K, used 24402K [0x0000000700c00000, 0x0000000800000000)
  region size 1024K, 13 young (13312K), 13 survivors (13312K)
 Metaspace       used 58350K, capacity 60063K, committed 60160K, reserved 1101824K
  class space    used 7781K, capacity 8497K, committed 8576K, reserved 1048576K
GC Heap History (10 events):
Event: 0.955 GC heap after
{Heap after GC invocations=2 (full 0):
 garbage-first heap   total 262144K, used 8984K [0x0000000700c00000, 0x0000000800000000)
  region size 1024K, 2 young (2048K), 2 survivors (2048K)
 Metaspace       used 17375K, capacity 17891K, committed 18048K, reserved 1064960K
  class space    used 1960K, capacity 2175K, committed 2176K, reserved 1048576K
}
Event: 1.346 GC heap before
{Heap before GC invocations=2 (full 0):
 garbage-first heap   total 262144K, used 28440K [0x0000000700c00000, 0x0000000800000000)
  region size 1024K, 22 young (22528K), 2 survivors (2048K)
 Metaspace       used 20436K, capacity 21150K, committed 21248K, reserved 1067008K
  class space    used 2448K, capacity 2752K, committed 2816K, reserved 1048576K
}
Event: 1.348 GC heap after
{Heap after GC invocations=3 (full 0):
 garbage-first heap   total 262144K, used 10016K [0x0000000700c00000, 0x0000000800000000)
  region size 1024K, 3 young (3072K), 3 survivors (3072K)
 Metaspace       used 20436K, capacity 21150K, committed 21248K, reserved 1067008K
  class space    used 2448K, capacity 2752K, committed 2816K, reserved 1048576K
}
Event: 1.782 GC heap before
{Heap before GC invocations=4 (full 0):
 garbage-first heap   total 262144K, used 95008K [0x0000000700c00000, 0x0000000800000000)
  region size 1024K, 87 young (89088K), 3 survivors (3072K)
 Metaspace       used 26647K, capacity 27501K, committed 27776K, reserved 1073152K
  class space    used 3268K, capacity 3612K, committed 3712K, reserved 1048576K
}
Event: 1.786 GC heap after
{Heap after GC invocations=5 (full 0):
 garbage-first heap   total 262144K, used 12609K [0x0000000700c00000, 0x0000000800000000)
  region size 1024K, 5 young (5120K), 5 survivors (5120K)
 Metaspace       used 26647K, capacity 27501K, committed 27776K, reserved 1073152K
  class space    used 3268K, capacity 3612K, committed 3712K, reserved 1048576K
}
Event: 2.651 GC heap before
{Heap before GC invocations=5 (full 0):
 garbage-first heap   total 262144K, used 131393K [0x0000000700c00000, 0x0000000800000000)
  region size 1024K, 123 young (125952K), 5 survivors (5120K)
 Metaspace       used 34529K, capacity 35745K, committed 35840K, reserved 1081344K
  class space    used 4435K, capacity 4935K, committed 4992K, reserved 1048576K
}
Event: 2.660 GC heap after
{Heap after GC invocations=6 (full 0):
 garbage-first heap   total 262144K, used 16664K [0x0000000700c00000, 0x0000000800000000)
  region size 1024K, 9 young (9216K), 9 survivors (9216K)
 Metaspace       used 34529K, capacity 35745K, committed 35840K, reserved 1081344K
  class space    used 4435K, capacity 4935K, committed 4992K, reserved 1048576K
}
Event: 4.023 GC heap before
{Heap before GC invocations=7 (full 0):
 garbage-first heap   total 262144K, used 168216K [0x0000000700c00000, 0x0000000800000000)
  region size 1024K, 153 young (156672K), 9 survivors (9216K)
 Metaspace       used 50286K, capacity 51799K, committed 52096K, reserved 1093632K
  class space    used 6568K, capacity 7172K, committed 7296K, reserved 1048576K
}
Event: 4.032 GC heap after
{Heap after GC invocations=8 (full 0):
 garbage-first heap   total 262144K, used 22191K [0x0000000700c00000, 0x0000000800000000)
  region size 1024K, 15 young (15360K), 15 survivors (15360K)
 Metaspace       used 50286K, capacity 51799K, committed 52096K, reserved 1093632K
  class space    used 6568K, capacity 7172K, committed 7296K, reserved 1048576K
}
Event: 4.706 GC heap before
{Heap before GC invocations=8 (full 0):
 garbage-first heap   total 262144K, used 73391K [0x0000000700c00000, 0x0000000800000000)
  region size 1024K, 66 young (67584K), 15 survivors (15360K)
 Metaspace       used 58350K, capacity 60063K, committed 60160K, reserved 1101824K
  class space    used 7781K, capacity 8497K, committed 8576K, reserved 1048576K
}

